{
 "cells": [
  {
   "cell_type": "code",
   "execution_count": 2,
   "metadata": {},
   "outputs": [
    {
     "name": "stdout",
     "output_type": "stream",
     "text": [
      "Collecting psycopg2\n",
      "  Downloading psycopg2-2.9.10.tar.gz (385 kB)\n",
      "  Preparing metadata (setup.py) ... \u001b[?25ldone\n",
      "\u001b[?25hCollecting pandas\n",
      "  Downloading pandas-2.2.3-cp312-cp312-manylinux_2_17_x86_64.manylinux2014_x86_64.whl.metadata (89 kB)\n",
      "Collecting numpy>=1.26.0 (from pandas)\n",
      "  Downloading numpy-2.1.2-cp312-cp312-manylinux_2_17_x86_64.manylinux2014_x86_64.whl.metadata (60 kB)\n",
      "Requirement already satisfied: python-dateutil>=2.8.2 in /home/gitpod/.pyenv/versions/3.12.6/lib/python3.12/site-packages (from pandas) (2.9.0.post0)\n",
      "Collecting pytz>=2020.1 (from pandas)\n",
      "  Downloading pytz-2024.2-py2.py3-none-any.whl.metadata (22 kB)\n",
      "Collecting tzdata>=2022.7 (from pandas)\n",
      "  Downloading tzdata-2024.2-py2.py3-none-any.whl.metadata (1.4 kB)\n",
      "Requirement already satisfied: six>=1.5 in /home/gitpod/.pyenv/versions/3.12.6/lib/python3.12/site-packages (from python-dateutil>=2.8.2->pandas) (1.16.0)\n",
      "Downloading pandas-2.2.3-cp312-cp312-manylinux_2_17_x86_64.manylinux2014_x86_64.whl (12.7 MB)\n",
      "\u001b[2K   \u001b[90m━━━━━━━━━━━━━━━━━━━━━━━━━━━━━━━━━━━━━━━━\u001b[0m \u001b[32m12.7/12.7 MB\u001b[0m \u001b[31m174.7 MB/s\u001b[0m eta \u001b[36m0:00:00\u001b[0m\n",
      "\u001b[?25hDownloading numpy-2.1.2-cp312-cp312-manylinux_2_17_x86_64.manylinux2014_x86_64.whl (16.0 MB)\n",
      "\u001b[2K   \u001b[90m━━━━━━━━━━━━━━━━━━━━━━━━━━━━━━━━━━━━━━━━\u001b[0m \u001b[32m16.0/16.0 MB\u001b[0m \u001b[31m189.7 MB/s\u001b[0m eta \u001b[36m0:00:00\u001b[0m\n",
      "\u001b[?25hDownloading pytz-2024.2-py2.py3-none-any.whl (508 kB)\n",
      "Downloading tzdata-2024.2-py2.py3-none-any.whl (346 kB)\n",
      "Building wheels for collected packages: psycopg2\n",
      "  Building wheel for psycopg2 (setup.py) ... \u001b[?25ldone\n",
      "\u001b[?25h  Created wheel for psycopg2: filename=psycopg2-2.9.10-cp312-cp312-linux_x86_64.whl size=552741 sha256=c6fbe177cc1e9f876086770fef94b70c849f561e132ea19aff102847a219942e\n",
      "  Stored in directory: /workspace/.pyenv_mirror/pip_cache/wheels/ac/bb/ce/afa589c50b6004d3a06fc691e71bd09c9bd5f01e5921e5329b\n",
      "Successfully built psycopg2\n",
      "Installing collected packages: pytz, tzdata, psycopg2, numpy, pandas\n",
      "Successfully installed numpy-2.1.2 pandas-2.2.3 psycopg2-2.9.10 pytz-2024.2 tzdata-2024.2\n",
      "\n",
      "\u001b[1m[\u001b[0m\u001b[34;49mnotice\u001b[0m\u001b[1;39;49m]\u001b[0m\u001b[39;49m A new release of pip is available: \u001b[0m\u001b[31;49m24.2\u001b[0m\u001b[39;49m -> \u001b[0m\u001b[32;49m24.3.1\u001b[0m\n",
      "\u001b[1m[\u001b[0m\u001b[34;49mnotice\u001b[0m\u001b[1;39;49m]\u001b[0m\u001b[39;49m To update, run: \u001b[0m\u001b[32;49mpip install --upgrade pip\u001b[0m\n",
      "Note: you may need to restart the kernel to use updated packages.\n"
     ]
    }
   ],
   "source": [
    "%pip install psycopg2 pandas"
   ]
  },
  {
   "cell_type": "code",
   "execution_count": 31,
   "metadata": {},
   "outputs": [
    {
     "name": "stdout",
     "output_type": "stream",
     "text": [
      "('Seq Scan on public.large_table  (cost=10000000000.00..10000262500.00 rows=40404 width=1640) (actual time=55.165..4554.262 rows=16551 loops=1)',)\n",
      "('  Output: id, long_text, json_data',)\n",
      "(\"  Filter: (large_table.long_text ~~* '%abc%'::text)\",)\n",
      "('  Rows Removed by Filter: 983449',)\n",
      "('  Buffers: shared hit=3404 read=246596',)\n",
      "('Planning:',)\n",
      "('  Buffers: shared hit=55 read=16',)\n",
      "('Planning Time: 2.622 ms',)\n",
      "('JIT:',)\n",
      "('  Functions: 2',)\n",
      "('  Options: Inlining true, Optimization true, Expressions true, Deforming true',)\n",
      "('  Timing: Generation 0.103 ms (Deform 0.041 ms), Inlining 36.328 ms, Optimization 10.703 ms, Emission 7.135 ms, Total 54.270 ms',)\n",
      "('Execution Time: 4573.810 ms',)\n",
      "('Bitmap Heap Scan on public.large_table  (cost=17260544.98..17294061.52 rows=10000 width=1640) (actual time=625.524..4643.900 rows=1000000 loops=1)',)\n",
      "('  Output: id, long_text, json_data',)\n",
      "('  Recheck Cond: (large_table.json_data @? \\'($.\"A\" like_regex \".*abc.*\")\\'::jsonpath)',)\n",
      "('  Heap Blocks: exact=51743 lossy=198257',)\n",
      "('  Buffers: shared hit=12799 read=250000 written=12556',)\n",
      "('  ->  Bitmap Index Scan on idx_json  (cost=0.00..17260542.48 rows=10000 width=0) (actual time=591.929..591.929 rows=405229 loops=1)',)\n",
      "('        Index Cond: (large_table.json_data @? \\'($.\"A\" like_regex \".*abc.*\")\\'::jsonpath)',)\n",
      "('        Buffers: shared hit=12799',)\n",
      "('Planning:',)\n",
      "('  Buffers: shared hit=2 read=6 written=1',)\n",
      "('Planning Time: 0.654 ms',)\n",
      "('JIT:',)\n",
      "('  Functions: 2',)\n",
      "('  Options: Inlining true, Optimization true, Expressions true, Deforming true',)\n",
      "('  Timing: Generation 0.169 ms (Deform 0.067 ms), Inlining 5.462 ms, Optimization 13.328 ms, Emission 6.985 ms, Total 25.944 ms',)\n",
      "('Execution Time: 4683.297 ms',)\n",
      "('Bitmap Heap Scan on public.large_table  (cost=86.23..33602.76 rows=10000 width=1640) (actual time=58.234..3824.261 rows=394698 loops=1)',)\n",
      "('  Output: id, long_text, json_data',)\n",
      "('  Recheck Cond: (large_table.json_data @? \\'$.\"B\"[*]?(@ == 42)\\'::jsonpath)',)\n",
      "('  Rows Removed by Index Recheck: 358185',)\n",
      "('  Heap Blocks: exact=51710 lossy=164733',)\n",
      "('  Buffers: shared hit=1 read=216527',)\n",
      "('  ->  Bitmap Index Scan on idx_json  (cost=0.00..83.73 rows=10000 width=0) (actual time=50.097..50.098 rows=394698 loops=1)',)\n",
      "('        Index Cond: (large_table.json_data @? \\'$.\"B\"[*]?(@ == 42)\\'::jsonpath)',)\n",
      "('        Buffers: shared hit=1 read=84',)\n",
      "('Planning:',)\n",
      "('  Buffers: shared read=1',)\n",
      "('Planning Time: 0.064 ms',)\n",
      "('Execution Time: 3841.243 ms',)\n"
     ]
    }
   ],
   "source": [
    "# 1. Connect to Postgres using Jupyter\n",
    "import psycopg2\n",
    "import json\n",
    "import pandas as pd\n",
    "\n",
    "# Connect to Postgres\n",
    "conn = psycopg2.connect(\n",
    "    host=\"localhost\",\n",
    "    database=\"postgres\",\n",
    "    user=\"postgres\",\n",
    "    password=\"postgres\"\n",
    ")\n",
    "cursor = conn.cursor()\n",
    "\n",
    "# 2. Create a large table with 1 million rows\n",
    "# cursor.execute(\"\"\"\n",
    "#     CREATE TABLE large_table (\n",
    "#         id SERIAL PRIMARY KEY,\n",
    "#         long_text TEXT,\n",
    "#         json_data JSONB\n",
    "#     )\n",
    "# \"\"\")\n",
    "\n",
    "# Generate test data\n",
    "import string\n",
    "import random\n",
    "\n",
    "# for i in range(1_000_000):\n",
    "#     long_text = ''.join(random.choices(string.ascii_letters + string.digits, k=500))\n",
    "#     json_data = {\n",
    "#         \"A\": ''.join(random.choices(string.ascii_letters + string.digits, k=500)),\n",
    "#         \"B\": [random.randint(1, 100) for _ in range(50)]\n",
    "#     }\n",
    "#     cursor.execute(\"INSERT INTO large_table (long_text, json_data) VALUES (%s, %s)\", (long_text, json.dumps(json_data)))\n",
    "\n",
    "# conn.commit()\n",
    "\n",
    "# cursor.execute(\"CREATE EXTENSION pg_trgm\")\n",
    "# 3. Create indexes\n",
    "cursor.execute(\"CREATE INDEX idx_json ON large_table USING GIN (json_data jsonb_path_ops)\")\n",
    "# cursor.execute(\"CREATE INDEX idx_text ON large_table USING GIN (long_text gin_trgm_ops)\")\n",
    "\n",
    "\n",
    "cursor.execute(\"set enable_seqscan=false\")\n",
    "\n",
    "\n",
    "# 4. Explain analyze for searching long text\n",
    "cursor.execute(\"EXPLAIN  (ANALYZE ,VERBOSE ,COSTS ,BUFFERS ,TIMING ,SUMMARY,FORMAT TEXT)  SELECT * FROM large_table WHERE long_text iLIKE '%abc%'\")\n",
    "print(\"\\n\".join(map(str, cursor.fetchall())))\n",
    "\n",
    "# 5. Explain analyze for searching JSON\n",
    "cursor.execute(\"EXPLAIN  (ANALYZE ,VERBOSE ,COSTS ,BUFFERS ,TIMING ,SUMMARY,FORMAT TEXT) SELECT * FROM large_table WHERE json_data  @? '$.A like_regex \\\".*abc.*\\\"' \")\n",
    "print(\"\\n\".join(map(str, cursor.fetchall())))\n",
    "cursor.execute(\"EXPLAIN  (ANALYZE ,VERBOSE ,COSTS ,BUFFERS ,TIMING ,SUMMARY,FORMAT TEXT) SELECT * FROM large_table WHERE json_data  @? '$.B[*] ? (@ == %s )' \", (random.randint(1, 100),))\n",
    "print(\"\\n\".join(map(str, cursor.fetchall())))\n",
    "\n",
    "conn.close()"
   ]
  }
 ],
 "metadata": {
  "kernelspec": {
   "display_name": "Python 3",
   "language": "python",
   "name": "python3"
  },
  "language_info": {
   "codemirror_mode": {
    "name": "ipython",
    "version": 3
   },
   "file_extension": ".py",
   "mimetype": "text/x-python",
   "name": "python",
   "nbconvert_exporter": "python",
   "pygments_lexer": "ipython3",
   "version": "3.12.6"
  }
 },
 "nbformat": 4,
 "nbformat_minor": 2
}
